<?xml version="1.0" encoding="UTF-8"?>
<!DOCTYPE suite SYSTEM "http://testng.org/testng-1.0.dtd" >
<suite name="FUNCTIONAL_TEST_SUITE">
 
<listeners>
	<listener class-name="utils.ExtentReportListener"></listener>
</listeners>

  <!--  Start First Test -->
  <test name="Main_Page_Functional_Chrome">
  <parameter name="browserName" value ="chrome"/>
  <groups>
	<define name="all">
		<include name="mainPage_menu_functional"></include>
		<include name="staysPage_menu_functional"></include>
	</define>
	<define name="mainpage">
		<include name="mainPage_menu_functional"></include>
		<include name="mainPage_search_functional"></include>
	</define>
	<define name="stayspage">
		<include name="staysPage_menu_functional"></include>
	</define>
	<run>
		<include name="mainpage"></include>
	</run>
</groups>
    <classes>
      <class name="tests.MainPageTest"/>
    </classes>
    </test>
</suite> 
