<?xml version="1.0" encoding="UTF-8"?>
<!DOCTYPE suite SYSTEM "http://testng.org/testng-1.0.dtd" >
<suite name="Parallel test suite" parallel="tests" thread-count="2">
  
   <parameter name="environment" value ="grid"></parameter>
  
  <test name="Parallel tests for SMOKE in Windows Chrome browser">
		  <parameter name="platform" value ="WINDOWS"></parameter>
		  <parameter name="browserName" value ="chrome"></parameter>
		  <parameter name="url" value ="https://www.airbnb.com/?locale=en"></parameter>
   <groups>
	<define name="all">
		<include name="mainPageSmoke"></include>
	</define>
	<run>
		<include name="all"></include>
	</run>
	</groups>
	    <classes>
	      <class name="tests.MainPageTest"/>
	    </classes>
  </test>
 
  <test name="Parallel tests for SMOKE in Linux FF browser">
		  <parameter name="platform" value ="LINUX"></parameter>
	      <parameter name="browserName" value ="firefox"></parameter>
	      <parameter name="url" value ="https://www.airbnb.com/?locale=en"></parameter>
     <groups>
	<define name="all">
		<include name="mainPageFunc"></include>
	</define>
	<run>
		<include name="all"></include>
	</run>
	</groups>
	    <classes>
	      <class name="tests.MainPageTest"/>
	    </classes>
  </test>

</suite> 
