<?xml version="1.0" encoding="UTF-8"?>
<!DOCTYPE suite SYSTEM "http://testng.org/testng-1.0.dtd" >
<suite name="Smoke tests suite">
<parameter name="environment" value ="local"></parameter>
  <test name="MainPage smoke tests in FF browser">
         <parameter name="browserName" value ="chrome"></parameter>
         <parameter name="url" value ="https://www.airbnb.com/?locale=en"></parameter>
  <groups>
	<define name="all">
		<include name="mainPageSmoke"></include>
	</define>
	<run>
		<include name="all"></include>
	</run>
	</groups>
	    <classes>
	      <class name="tests.MainPageTest"/>
	    </classes>
    </test>
</suite>