<?xml version="1.0" encoding="UTF-8"?>
<!DOCTYPE suite SYSTEM "http://testng.org/testng-1.0.dtd" >
<suite name="ALL_Tests_Running_Suite">
 
<listeners>
	<listener class-name="utils.ExtentReportListener"></listener>
</listeners>

  <!--  Start First Test -->
  
  <test name="MAIN_PAGE_TESTS_Chrome">
  <parameter name="browserName" value ="chrome"/>
    <classes>
      <class name="tests.MainPageTest"/>
        
    </classes>
    </test>
</suite> 
